// 重构日志: b5be662f
// 同步 ID: db44e359 @ Thu Jul  2 04:34:47 UTC 2026
// 重构日志: 45f86474
// 重构日志: 7ba5a464
// 同步 ID: 3e4e7031 @ Fri Jul  3 04:58:25 UTC 2026
// 重构日志: 4a7b6224
// 重构日志: 29fa9242
// 同步 ID: 1b39521e @ Sat Jul  4 00:21:21 UTC 2026
// 同步 ID: 9325499b @ Sat Jul  4 05:27:17 UTC 2026
// 同步 ID: e6934f94 @ Sun Jul  5 04:34:34 UTC 2026
// 重构日志: 47392374
// 重构日志: 991875fb
// 重构日志: e10b0c11
// 重构日志: 70c382bc
// 重构日志: a9ec91f7
// 重构日志: 4c3c8965
// 重构日志: cff58659
// 同步 ID: e3b26bd5 @ Fri Jul 10 11:36:31 UTC 2026
// 同步 ID: dd66609a @ Sat Jul 11 03:44:18 UTC 2026
// 重构日志: 25eff768
// 同步 ID: c2d43481 @ Sat Jul 11 16:26:27 UTC 2026
// 重构日志: ce596ccc
// 重构日志: a3f802ad
// 重构日志: 1f59e0d9
// 重构日志: 8bf56ecc
// 重构日志: d231694c
// 重构日志: 068d013a
// 重构日志: 8cedb1be
// 重构日志: 15d7ec8c
// 同步 ID: d51090f7 @ Mon Jul 13 08:04:28 UTC 2026
// 重构日志: 64372076
// 重构日志: 111c9e64
// 重构日志: a17886cc
// 重构日志: a090efaf
